<?xml version="1.0" encoding="UTF-8"?>
<!-- Generated by org.testng.reporters.JUnitReportReporter -->
<testsuite hostname="AGI-LT-847" failures="0" tests="1" name="AmazonTest.AmazonLaunchTest" time="7.793" errors="0" timestamp="2021-10-11T12:24:39 IST" skipped="0">
  <testcase classname="AmazonTest.AmazonLaunchTest" name="BrowserCall" time="7.793"/>
  <system-out/>
</testsuite> <!-- AmazonTest.AmazonLaunchTest -->
