<?xml version="1.0" encoding="UTF-8"?>
<!-- Generated by org.testng.reporters.JUnitReportReporter -->
<testsuite hostname="AGI-LT-847" failures="0" tests="1" name="SeleniumAssessment.Assessment" time="21.937" errors="0" timestamp="2021-10-20T17:05:43 IST" skipped="0">
  <testcase classname="SeleniumAssessment.Assessment" name="Blaze" time="21.937"/>
  <system-out/>
</testsuite> <!-- SeleniumAssessment.Assessment -->
