<?xml version="1.0" encoding="UTF-8"?>
<!-- Generated by org.testng.reporters.JUnitReportReporter -->
<testsuite hostname="AGI-LT-847" failures="0" tests="1" name="AmazonResultCapture.AmazonTestCase1" time="10.714" errors="0" timestamp="2021-10-12T10:59:59 IST" skipped="0">
  <testcase classname="AmazonResultCapture.AmazonTestCase1" name="TestCase001" time="10.714"/>
  <system-out/>
</testsuite> <!-- AmazonResultCapture.AmazonTestCase1 -->
