<?xml version="1.0" encoding="UTF-8"?>
<!-- Generated by org.testng.reporters.JUnitReportReporter -->
<testsuite hostname="AGI-LT-847" failures="0" tests="1" name="AmazonTest003.JSONread" time="9.784" errors="0" timestamp="2021-10-14T14:28:27 IST" skipped="0">
  <testcase classname="AmazonTest003.JSONread" name="jSonRead" time="9.784"/>
  <system-out/>
</testsuite> <!-- AmazonTest003.JSONread -->
