<?xml version="1.0" encoding="UTF-8"?>
<!-- Generated by org.testng.reporters.JUnitReportReporter -->
<testsuite hostname="AGI-LT-847" failures="0" tests="1" name="app_LSMI_104.LaunchLSMI" time="31.151" errors="0" timestamp="2021-10-12T21:16:12 IST" skipped="0">
  <testcase classname="app_LSMI_104.LaunchLSMI" name="Login_TestCase001" time="31.151"/>
  <system-out/>
</testsuite> <!-- app_LSMI_104.LaunchLSMI -->
