<?xml version="1.0" encoding="UTF-8"?>
<!-- Generated by org.testng.reporters.JUnitReportReporter -->
<testsuite hostname="AGI-LT-847" failures="0" tests="1" name="com.maven.ArisB3.MavenProject.MVNTest2" time="0.026" errors="0" timestamp="2021-10-07T13:00:08 IST" skipped="0">
  <testcase classname="com.maven.ArisB3.MavenProject.MVNTest2" name="ATTest" time="0.026"/>
  <system-out/>
</testsuite> <!-- com.maven.ArisB3.MavenProject.MVNTest2 -->
