<?xml version="1.0" encoding="UTF-8"?>
<!-- Generated by org.testng.reporters.JUnitReportReporter -->
<testsuite hostname="AGI-LT-847" failures="0" tests="1" name="AmazonTest002.AmazonTC002" time="8.194" errors="0" timestamp="2021-10-12T12:10:31 IST" skipped="0">
  <testcase classname="AmazonTest002.AmazonTC002" name="TestCase002" time="8.194"/>
  <system-out/>
</testsuite> <!-- AmazonTest002.AmazonTC002 -->
