<?xml version="1.0" encoding="UTF-8"?>
<!-- Generated by org.testng.reporters.JUnitReportReporter -->
<testsuite hostname="AGI-LT-847" failures="0" tests="1" name="AmazonTest001.AmazonTC001" time="12.330" errors="0" timestamp="2021-10-12T13:36:24 IST" skipped="0">
  <testcase classname="AmazonTest001.AmazonTC001" name="TestCase001" time="12.330"/>
  <system-out/>
</testsuite> <!-- AmazonTest001.AmazonTC001 -->
